<?xml version="1.0" encoding="UTF-8"?>
<testng-results skipped="0" failed="0" ignored="0" total="1" passed="1">
  <reporter-output>
  </reporter-output>
  <suite name="Default suite" duration-ms="13547" started-at="2018-05-13T22:14:35Z" finished-at="2018-05-13T22:14:49Z">
    <groups>
    </groups>
    <test name="Default test" duration-ms="13547" started-at="2018-05-13T22:14:35Z" finished-at="2018-05-13T22:14:49Z">
      <class name="Sample.NewTest">
        <test-method status="PASS" signature="Start()[pri:0, instance:Sample.NewTest@c0edeb]" name="Start" is-config="true" duration-ms="12" started-at="2018-05-13T18:14:35Z" finished-at="2018-05-13T18:14:35Z">
          <reporter-output>
          </reporter-output>
        </test-method> <!-- Start -->
        <test-method status="PASS" signature="launchBrowser()[pri:0, instance:Sample.NewTest@c0edeb]" name="launchBrowser" duration-ms="13389" started-at="2018-05-13T18:14:35Z" finished-at="2018-05-13T18:14:49Z">
          <reporter-output>
          </reporter-output>
        </test-method> <!-- launchBrowser -->
        <test-method status="PASS" signature="Close()[pri:0, instance:Sample.NewTest@c0edeb]" name="Close" is-config="true" duration-ms="117" started-at="2018-05-13T18:14:49Z" finished-at="2018-05-13T18:14:49Z">
          <reporter-output>
          </reporter-output>
        </test-method> <!-- Close -->
      </class> <!-- Sample.NewTest -->
    </test> <!-- Default test -->
  </suite> <!-- Default suite -->
</testng-results>
