<?xml version="1.0" encoding="UTF-8"?>
<!-- Generated by org.testng.reporters.JUnitXMLReporter -->
<testsuite hostname="DESKTOP-DPRTO6C" ignored="0" name="NewEgg Test Cases" tests="2" failures="1" timestamp="28 Jun 2018 20:41:22 GMT" time="23.959" errors="0">
  <testcase name="loginTest" time="0.267" classname="com.test.automation.testcases.LoginPageTest"/>
  <testcase name="loginPageTitleTest" time="0.014" classname="com.test.automation.testcases.LoginPageTest">
    <failure type="java.lang.AssertionError" message="expected [Computer Parts, Laptops, Electronics, and More - Newegg.com] but found [Newegg.com - Newegg shopping upgraded ™]">
      <![CDATA[java.lang.AssertionError: expected [Computer Parts, Laptops, Electronics, and More - Newegg.com] but found [Newegg.com - Newegg shopping upgraded ™]
at com.test.automation.testcases.LoginPageTest.loginPageTitleTest(LoginPageTest.java:36)
... Removed 31 stack frames]]>
    </failure>
  </testcase> <!-- loginPageTitleTest -->
</testsuite> <!-- NewEgg Test Cases -->
